HMMER3/f [3.1b1 | May 2013]
NAME  super_trimmed
LENG  55
ALPH  amino
RF    no
MM    no
CONS  yes
CS    no
MAP   yes
DATE  Wed May  6 14:19:54 2020
NSEQ  25
EFFN  1.992798
CKSUM 2945506489
STATS LOCAL MSV       -9.2494  0.71903
STATS LOCAL VITERBI   -9.2323  0.71903
STATS LOCAL FORWARD   -3.9802  0.71903
HMM          A        C        D        E        F        G        H        I        K        L        M        N        P        Q        R        S        T        V        W        Y   
            m->m     m->i     m->d     i->m     i->i     d->m     d->d
  COMPO   2.69036  2.47908  3.15120  2.68774  2.84689  2.67050  3.78092  3.40597  2.63514  3.03095  4.10192  2.72729  3.55426  3.06964  2.91908  2.76048  2.92389  3.14490  4.57433  2.93822
          2.68618  4.42225  2.77519  2.73123  3.46354  2.40513  3.72494  3.29354  2.67741  2.69355  4.24690  2.90347  2.73739  3.18146  2.89801  2.37887  2.77519  2.98518  4.58477  3.61503
          0.03213  4.62229  3.82633  0.61958  0.77255  0.00000        *
      1   2.34640  4.23453  3.47217  3.52228  1.93916  3.81958  4.11540  2.34580  3.10128  2.10554  3.34747  3.76481  4.19027  3.65032  3.62548  3.09997  2.80568  2.38965  4.84248  2.92948      1 f - - -
          2.68618  4.42225  2.77519  2.73123  3.46354  2.40513  3.72494  3.29354  2.67741  2.69355  4.24690  2.90347  2.73739  3.18146  2.89801  2.37887  2.77519  2.98518  4.58477  3.61503
          0.01497  4.60513  5.32747  0.61958  0.77255  0.46605  0.98746
      2   3.73431  0.18729  5.29241  5.23105  5.16493  4.14245  5.73465  4.53220  5.10864  4.36044  5.52075  5.06279  4.88850  5.42002  5.07856  4.00040  4.26050  4.19998  6.32394  5.42796      2 C - - -
          2.68618  4.42225  2.77519  2.73123  3.46354  2.40513  3.72494  3.29354  2.67741  2.69355  4.24690  2.90347  2.73739  3.18146  2.89801  2.37887  2.77519  2.98518  4.58477  3.61503
          0.01471  4.62229  5.34463  0.61958  0.77255  0.48576  0.95510
      3   2.60881  5.06711  2.63964  2.36299  4.34481  3.54057  3.73644  3.24852  2.27178  2.63202  4.12619  2.61326  3.93213  2.69520  2.75109  2.53879  2.96731  3.00459  5.54232  2.98497      3 k - - -
          2.68618  4.42225  2.77519  2.73123  3.46354  2.40513  3.72494  3.29354  2.67741  2.69355  4.24690  2.90347  2.73739  3.18146  2.89801  2.37887  2.77519  2.98518  4.58477  3.61503
          0.01471  4.62229  5.34463  0.61958  0.77255  0.48576  0.95510
      4   2.60900  4.53347  3.56417  2.23953  3.32919  3.72833  3.97663  2.99106  2.71528  1.44114  3.61085  3.43484  4.11029  3.28027  3.32023  2.97533  3.00458  2.62801  5.11047  3.86958      4 l - - -
          2.68618  4.42225  2.77519  2.73123  3.46354  2.40513  3.72494  3.29354  2.67741  2.69355  4.24690  2.90347  2.73739  3.18146  2.89801  2.37887  2.77519  2.98518  4.58477  3.61503
          0.01471  4.62229  5.34463  0.61958  0.77255  0.48576  0.95510
      5   2.66250  5.14838  2.67805  2.49294  4.44198  3.54068  3.20050  3.89261  2.40961  3.13556  4.20999  3.03261  1.70884  2.74834  3.00019  2.49277  3.00933  3.51274  5.61546  4.23752      5 p - - -
          2.68618  4.42225  2.77519  2.73123  3.46354  2.40513  3.72494  3.29354  2.67741  2.69355  4.24690  2.90347  2.73739  3.18146  2.89801  2.37887  2.77519  2.98518  4.58477  3.61503
          0.01471  4.62229  5.34463  0.61958  0.77255  0.48576  0.95510
      6   2.10929  5.08324  2.73672  2.50002  4.36677  3.53777  3.73308  3.46765  2.24626  3.02634  4.14129  2.85241  2.56553  2.85443  2.70170  2.49156  2.96791  3.07903  5.55525  4.18540      6 a - - -
          2.68618  4.42225  2.77519  2.73123  3.46354  2.40513  3.72494  3.29354  2.67741  2.69355  4.24690  2.90347  2.73739  3.18146  2.89801  2.37887  2.77519  2.98518  4.58477  3.61503
          0.01471  4.62229  5.34463  0.61958  0.77255  0.48576  0.95510
      7   2.74369  5.21182  1.91937  2.26218  4.53871  3.51780  3.71101  4.01250  2.22028  3.50913  4.25782  2.71350  3.28631  2.81406  2.71655  2.61414  2.97527  2.78090  5.65498  3.71568      7 d - - -
          2.68618  4.42225  2.77519  2.73123  3.46354  2.40513  3.72494  3.29354  2.67741  2.69355  4.24690  2.90347  2.73739  3.18146  2.89801  2.37887  2.77519  2.98518  4.58477  3.61503
          0.01471  4.62229  5.34463  0.61958  0.77255  0.48576  0.95510
      8   2.63099  4.83487  3.00248  2.46461  3.33704  3.59173  3.80310  3.08399  2.63450  3.08101  3.91372  3.15159  2.81385  2.68325  2.76613  2.61010  2.31545  2.53168  5.35710  3.64798      8 t - - -
          2.68619  4.42226  2.77521  2.73125  3.46308  2.40514  3.72496  3.29355  2.67742  2.69356  4.24691  2.90348  2.73741  3.18148  2.89802  2.37888  2.77521  2.98520  4.58478  3.61504
          0.06916  2.77979  5.34463  0.36436  1.18627  0.48576  0.95510
      9   3.13319  5.31725  2.98950  2.79311  4.86876  0.87839  4.12050  4.32223  2.47063  3.85754  4.71240  3.28865  4.21958  2.65669  3.13110  3.14177  3.44065  3.92162  5.99226  4.67956     10 g - - -
          2.68618  4.42225  2.77519  2.73123  3.46354  2.40513  3.72494  3.29354  2.67741  2.69355  4.24690  2.90347  2.73739  3.18146  2.89801  2.37887  2.77519  2.98518  4.58477  3.61503
          0.01471  4.62229  5.34463  0.61958  0.77255  0.48576  0.95510
     10   2.75426  4.94986  3.16173  2.60032  4.19791  3.58074  3.78006  3.07911  2.23606  3.21250  4.02652  3.11563  2.29667  2.92991  2.18801  2.40663  2.83213  2.88231  5.45221  4.12272     11 r - - -
          2.68618  4.42225  2.77519  2.73123  3.46354  2.40513  3.72494  3.29354  2.67741  2.69355  4.24690  2.90347  2.73739  3.18146  2.89801  2.37887  2.77519  2.98518  4.58477  3.61503
          0.01471  4.62229  5.34463  0.61958  0.77255  0.48576  0.95510
     11   2.92689  0.45093  4.85012  4.71460  5.00573  2.35780  5.34561  4.41178  4.61062  4.20518  5.10760  4.38881  4.39503  4.84637  4.66693  3.16025  3.47794  3.85479  6.28084  5.27446     12 C - - -
          2.68618  4.42225  2.77519  2.73123  3.46354  2.40513  3.72494  3.29354  2.67741  2.69355  4.24690  2.90347  2.73739  3.18146  2.89801  2.37887  2.77519  2.98518  4.58477  3.61503
          0.01471  4.62229  5.34463  0.61958  0.77255  0.48576  0.95510
     12   2.76631  5.16751  3.06138  2.49957  3.98922  3.06220  3.72755  3.93414  1.73458  3.45249  4.21957  2.83343  3.94056  2.64160  2.03552  2.74872  2.76718  3.54144  5.61365  3.46961     13 k - - -
          2.68619  4.42226  2.77520  2.73124  3.46355  2.40513  3.72495  3.29355  2.67741  2.69356  4.24690  2.90347  2.73740  3.18127  2.89801  2.37887  2.77520  2.98519  4.58478  3.61504
          0.04545  3.22746  5.34463  0.44202  1.02928  0.48576  0.95510
     13   1.57255  5.07677  2.77743  2.52526  4.39201  2.73205  3.76468  3.83475  2.19075  3.38897  4.17165  3.05559  3.94552  2.88976  2.89280  2.75191  2.75699  3.28268  5.58352  4.21716     15 a - - -
          2.68618  4.42225  2.77519  2.73123  3.46354  2.40513  3.72494  3.29354  2.67741  2.69355  4.24690  2.90347  2.73739  3.18146  2.89801  2.37887  2.77519  2.98518  4.58477  3.61503
          0.04545  4.62229  3.36385  0.61958  0.77255  0.48576  0.95510
     14   2.52735  4.30598  3.87800  3.30259  2.43354  3.76943  3.26914  2.62235  2.93095  2.20999  3.19086  3.62375  4.14373  3.22905  3.02620  2.40940  2.95700  2.39635  3.61198  3.41177     16 l - - -
          2.68618  4.42225  2.77519  2.73123  3.46354  2.40513  3.72494  3.29354  2.67741  2.69355  4.24690  2.90347  2.73739  3.18146  2.89801  2.37887  2.77519  2.98518  4.58477  3.61503
          0.01517  4.59201  5.31435  0.61958  0.77255  0.45224  1.01115
     15   2.88380  4.28332  4.59465  2.85662  2.22490  4.05257  4.38129  1.58112  3.84898  2.16615  2.81780  4.12222  4.40065  4.02393  3.95274  3.35812  3.11633  1.90891  4.93709  3.76154     17 i - - -
          2.68618  4.42225  2.77519  2.73123  3.46354  2.40513  3.72494  3.29354  2.67741  2.69355  4.24690  2.90347  2.73739  3.18146  2.89801  2.37887  2.77519  2.98518  4.58477  3.61503
          0.01471  4.62229  5.34463  0.61958  0.77255  0.48576  0.95510
     16   2.74024  5.14575  2.72069  2.38904  4.45017  3.52895  3.72093  3.49936  2.24869  3.02714  4.19780  3.01443  2.04147  2.68963  2.74224  2.44525  2.78866  3.51444  5.60310  4.21922     18 p - - -
          2.68618  4.42225  2.77519  2.73123  3.46354  2.40513  3.72494  3.29354  2.67741  2.69355  4.24690  2.90347  2.73739  3.18146  2.89801  2.37887  2.77519  2.98518  4.58477  3.61503
          0.01471  4.62229  5.34463  0.61958  0.77255  0.48576  0.95510
     17   2.17199  5.04392  3.27045  2.70036  4.37907  3.63112  3.82664  3.78671  2.36826  3.07780  4.17318  3.19363  4.03797  2.96918  1.51722  2.20155  3.08155  3.44535  5.55759  4.25085     19 r - - -
          2.68618  4.42225  2.77519  2.73123  3.46354  2.40513  3.72494  3.29354  2.67741  2.69355  4.24690  2.90347  2.73739  3.18146  2.89801  2.37887  2.77519  2.98518  4.58477  3.61503
          0.01471  4.62229  5.34463  0.61958  0.77255  0.48576  0.95510
     18   4.17643  5.29388  5.37082  5.13899  1.07311  4.92624  3.85148  2.99446  4.92843  3.18468  4.42138  4.60485  5.20692  4.71958  4.80568  4.29725  4.38503  3.74535  1.74906  1.46215     20 f - - -
          2.68618  4.42225  2.77519  2.73123  3.46354  2.40513  3.72494  3.29354  2.67741  2.69355  4.24690  2.90347  2.73739  3.18146  2.89801  2.37887  2.77519  2.98518  4.58477  3.61503
          0.01471  4.62229  5.34463  0.61958  0.77255  0.48576  0.95510
     19   2.53442  5.00956  4.94600  4.54200  2.04380  4.59582  3.89395  3.52820  4.38301  3.02314  4.14299  4.37032  4.91952  4.39692  4.43177  3.93045  3.93096  3.38377  3.35000  0.73925     21 y - - -
          2.68618  4.42225  2.77519  2.73123  3.46354  2.40513  3.72494  3.29354  2.67741  2.69355  4.24690  2.90347  2.73739  3.18146  2.89801  2.37887  2.77519  2.98518  4.58477  3.61503
          0.01471  4.62229  5.34463  0.61958  0.77255  0.48576  0.95510
     20   4.64661  5.60526  5.47454  5.39021  1.26527  5.14363  3.82675  4.21218  5.17777  3.37170  4.74396  4.69848  5.40636  4.86307  5.00191  4.55776  4.84600  4.17333  3.90439  0.64864     22 Y - - -
          2.68618  4.42225  2.77519  2.73123  3.46354  2.40513  3.72494  3.29354  2.67741  2.69355  4.24690  2.90347  2.73739  3.18146  2.89801  2.37887  2.77519  2.98518  4.58477  3.61503
          0.01471  4.62229  5.34463  0.61958  0.77255  0.48576  0.95510
     21   3.03528  5.57525  1.92734  2.43597  4.90484  3.54269  3.92651  4.40706  2.29251  3.88594  4.67083  1.34716  4.06705  3.05727  3.31965  2.44282  3.29396  3.96869  6.02803  4.57285     23 n - - -
          2.68618  4.42225  2.77519  2.73123  3.46354  2.40513  3.72494  3.29354  2.67741  2.69355  4.24690  2.90347  2.73739  3.18146  2.89801  2.37887  2.77519  2.98518  4.58477  3.61503
          0.01471  4.62229  5.34463  0.61958  0.77255  0.48576  0.95510
     22   2.47317  4.96046  3.12336  2.43808  4.20549  3.32446  3.76503  3.33659  2.55823  3.22197  4.02946  3.08791  2.40177  2.47604  2.59398  2.37258  2.86143  2.93778  4.01925  4.11812     24 s - - -
          2.68618  4.42225  2.77519  2.73123  3.46354  2.40513  3.72494  3.29354  2.67741  2.69355  4.24690  2.90347  2.73739  3.18146  2.89801  2.37887  2.77519  2.98518  4.58477  3.61503
          0.03778  4.62229  3.60282  0.61958  0.77255  0.48576  0.95510
     23   2.34688  5.04808  2.94602  2.25504  3.80995  3.53509  3.36892  3.76072  2.11919  2.93572  4.10823  2.88326  3.92651  2.85779  2.97956  2.35219  2.46050  3.15760  5.52585  3.47704     25 k - - -
          2.68618  4.42225  2.77519  2.73123  3.46354  2.40513  3.72494  3.29354  2.67741  2.69355  4.24690  2.90347  2.73739  3.18146  2.89801  2.37887  2.77519  2.98518  4.58477  3.61503
          0.01505  4.59956  5.32191  0.61958  0.77255  0.52828  0.89066
     24   2.29070  5.14495  2.85580  2.22832  4.45237  3.52005  3.71184  3.91158  2.20141  2.81928  4.19662  3.00443  3.91327  2.82248  2.49414  2.28904  2.34764  3.51536  5.60099  4.21536     26 k - - -
          2.68618  4.42225  2.77519  2.73123  3.46354  2.40513  3.72494  3.29354  2.67741  2.69355  4.24690  2.90347  2.73739  3.18146  2.89801  2.37887  2.77519  2.98518  4.58477  3.61503
          0.01505  4.59956  5.32191  0.61958  0.77255  0.46006  0.99762
     25   2.77610  5.22056  3.04636  2.48719  4.55301  2.41562  3.35131  3.31711  1.83541  3.51182  4.26827  2.51773  3.94005  2.34826  2.61491  2.74854  3.00367  3.60527  5.65276  4.26969     27 k - - -
          2.68618  4.42225  2.77519  2.73123  3.46354  2.40513  3.72494  3.29354  2.67741  2.69355  4.24690  2.90347  2.73739  3.18146  2.89801  2.37887  2.77519  2.98518  4.58477  3.61503
          0.01471  4.62229  5.34463  0.61958  0.77255  0.48576  0.95510
     26   2.77617  5.14766  3.08674  2.52200  4.45411  3.56290  3.73677  3.49325  1.72521  3.14339  4.20320  3.05340  3.95224  2.11518  2.68335  2.41823  2.48636  3.51817  5.59738  4.23276     28 k - - -
          2.68618  4.42225  2.77519  2.73123  3.46354  2.40513  3.72494  3.29354  2.67741  2.69355  4.24690  2.90347  2.73739  3.18146  2.89801  2.37887  2.77519  2.98518  4.58477  3.61503
          0.01471  4.62229  5.34463  0.61958  0.77255  0.48576  0.95510
     27   3.73431  0.18729  5.29241  5.23105  5.16493  4.14245  5.73465  4.53220  5.10864  4.36044  5.52075  5.06279  4.88850  5.42002  5.07856  4.00040  4.26050  4.19998  6.32394  5.42796     29 C - - -
          2.68618  4.42225  2.77519  2.73123  3.46354  2.40513  3.72494  3.29354  2.67741  2.69355  4.24690  2.90347  2.73739  3.18146  2.89801  2.37887  2.77519  2.98518  4.58477  3.61503
          0.01471  4.62229  5.34463  0.61958  0.77255  0.48576  0.95510
     28   2.43918  5.08315  3.06357  2.14532  4.36608  3.54241  2.91999  3.80883  2.20671  2.71106  4.14119  3.04027  3.93383  2.44524  2.81899  2.73914  2.74898  2.64257  5.55389  4.18657     30 e - - -
          2.68618  4.42225  2.77519  2.73123  3.46354  2.40513  3.72494  3.29354  2.67741  2.69355  4.24690  2.90347  2.73739  3.18146  2.89801  2.37887  2.77519  2.98518  4.58477  3.61503
          0.01471  4.62229  5.34463  0.61958  0.77255  0.48576  0.95510
     29   2.73784  5.20032  3.00560  2.13593  4.52641  3.23209  3.17555  3.99848  2.26173  3.04330  3.91558  2.99398  2.74959  2.51927  2.53523  2.42024  2.63766  3.58077  5.64410  4.24598     31 e - - -
          2.68618  4.42225  2.77519  2.73123  3.46354  2.40513  3.72494  3.29354  2.67741  2.69355  4.24690  2.90347  2.73739  3.18146  2.89801  2.37887  2.77519  2.98518  4.58477  3.61503
          0.01471  4.62229  5.34463  0.61958  0.77255  0.48576  0.95510
     30   4.38450  5.57267  5.29678  5.19545  0.29969  4.78139  4.44743  3.89726  5.10652  3.10942  4.53483  4.96089  5.25742  5.07878  5.03951  4.57496  4.70258  3.93287  4.56826  2.88120     32 F - - -
          2.68618  4.42225  2.77519  2.73123  3.46354  2.40513  3.72494  3.29354  2.67741  2.69355  4.24690  2.90347  2.73739  3.18146  2.89801  2.37887  2.77519  2.98518  4.58477  3.61503
          0.01471  4.62229  5.34463  0.61958  0.77255  0.48576  0.95510
     31   2.73659  4.30920  3.04177  3.33378  2.79931  3.78521  4.06532  2.05621  3.25516  2.30424  3.41979  3.27081  3.64779  3.51873  3.13280  2.92248  2.55387  2.05142  4.10386  3.70179     33 v - - -
          2.68618  4.42225  2.77519  2.73123  3.46354  2.40513  3.72494  3.29354  2.67741  2.69355  4.24690  2.90347  2.73739  3.18146  2.89801  2.37887  2.77519  2.98518  4.58477  3.61503
          0.01471  4.62229  5.34463  0.61958  0.77255  0.48576  0.95510
     32   4.65825  5.60651  5.48681  5.39269  2.04390  5.15238  3.80772  4.26843  5.16630  3.43050  4.78799  4.68729  5.40732  4.85138  4.99142  4.55376  4.85045  4.21158  2.81024  0.44854     34 Y - - -
          2.68618  4.42225  2.77519  2.73123  3.46354  2.40513  3.72494  3.29354  2.67741  2.69355  4.24690  2.90347  2.73739  3.18146  2.89801  2.37887  2.77519  2.98518  4.58477  3.61503
          0.01471  4.62229  5.34463  0.61958  0.77255  0.48576  0.95510
     33   2.58227  4.53107  3.97094  3.80104  5.02013  0.72981  4.87638  4.48686  3.94737  4.15882  4.94454  3.81133  4.09397  4.17352  4.20945  1.89910  2.61147  3.75905  6.34075  5.17715     35 g - - -
          2.68618  4.42225  2.77519  2.73123  3.46354  2.40513  3.72494  3.29354  2.67741  2.69355  4.24690  2.90347  2.73739  3.18146  2.89801  2.37887  2.77519  2.98518  4.58477  3.61503
          0.01471  4.62229  5.34463  0.61958  0.77255  0.48576  0.95510
     34   3.14808  5.14823  3.31101  3.22761  5.02658  0.55042  4.58877  4.63141  3.46166  4.19824  5.09069  3.63601  4.34928  2.72373  3.79358  3.24234  3.58612  4.11659  6.21882  4.97534     36 G - - -
          2.68618  4.42225  2.77519  2.73123  3.46354  2.40513  3.72494  3.29354  2.67741  2.69355  4.24690  2.90347  2.73739  3.18146  2.89801  2.37887  2.77519  2.98518  4.58477  3.61503
          0.01471  4.62229  5.34463  0.61958  0.77255  0.48576  0.95510
     35   2.78278  0.84427  4.31342  3.89013  3.96094  3.62170  4.57949  3.15264  3.61453  2.97236  3.99672  3.96212  4.26994  3.15994  3.80651  3.05353  3.19136  2.59078  5.49550  4.25940     37 c - - -
          2.68618  4.42225  2.77519  2.73123  3.46354  2.40513  3.72494  3.29354  2.67741  2.69355  4.24690  2.90347  2.73739  3.18146  2.89801  2.37887  2.77519  2.98518  4.58477  3.61503
          0.01471  4.62229  5.34463  0.61958  0.77255  0.48576  0.95510
     36   2.80906  5.30182  2.47135  2.02725  4.63041  1.78747  3.75557  4.11131  2.43635  3.26506  4.35161  2.74879  3.94843  2.69837  2.80424  2.76746  3.04468  3.68451  5.73951  4.32715     38 g - - -
          2.68618  4.42225  2.77519  2.73123  3.46354  2.40513  3.72494  3.29354  2.67741  2.69355  4.24690  2.90347  2.73739  3.18146  2.89801  2.37887  2.77519  2.98518  4.58477  3.61503
          0.01471  4.62229  5.34463  0.61958  0.77255  0.48576  0.95510
     37   2.33025  4.51092  4.14470  3.93155  4.76055  0.65041  4.88560  3.97825  3.97114  3.83469  4.71514  3.89212  4.13351  4.22335  4.19726  2.81923  3.13622  2.62963  6.16586  4.99467     39 G - - -
          2.68618  4.42225  2.77519  2.73123  3.46354  2.40513  3.72494  3.29354  2.67741  2.69355  4.24690  2.90347  2.73739  3.18146  2.89801  2.37887  2.77519  2.98518  4.58477  3.61503
          0.01471  4.62229  5.34463  0.61958  0.77255  0.48576  0.95510
     38   3.30941  5.52852  2.88634  2.79692  4.98508  3.68191  4.24163  4.59025  2.63279  4.11602  5.00814  0.65258  4.30772  3.43558  3.35188  3.28563  3.63629  4.17050  6.13611  4.76433     40 N - - -
          2.68618  4.42225  2.77519  2.73123  3.46354  2.40513  3.72494  3.29354  2.67741  2.69355  4.24690  2.90347  2.73739  3.18146  2.89801  2.37887  2.77519  2.98518  4.58477  3.61503
          0.01471  4.62229  5.34463  0.61958  0.77255  0.48576  0.95510
     39   2.01024  5.20519  2.99936  2.18999  4.53031  2.48015  3.72364  3.99822  2.35310  3.50190  4.25724  3.00618  3.92657  2.45321  2.65313  2.29102  2.98973  3.58636  5.65294  4.25928     41 a - - -
          2.68618  4.42225  2.77519  2.73123  3.46354  2.40513  3.72494  3.29354  2.67741  2.69355  4.24690  2.90347  2.73739  3.18146  2.89801  2.37887  2.77519  2.98518  4.58477  3.61503
          0.01471  4.62229  5.34463  0.61958  0.77255  0.48576  0.95510
     40   3.59681  5.50709  3.46134  3.44832  5.02146  3.90341  4.84511  4.97490  3.86347  4.53337  5.53103  0.32248  4.60979  4.17239  4.20026  3.66584  4.03096  4.50761  6.21987  4.95669     42 N - - -
          2.68618  4.42225  2.77519  2.73123  3.46354  2.40513  3.72494  3.29354  2.67741  2.69355  4.24690  2.90347  2.73739  3.18146  2.89801  2.37887  2.77519  2.98518  4.58477  3.61503
          0.01471  4.62229  5.34463  0.61958  0.77255  0.48576  0.95510
     41   3.04383  5.40127  3.28429  2.72034  4.79164  3.73717  2.75169  4.21423  2.00456  3.66358  4.46042  1.50551  4.12294  2.92691  1.92824  3.01134  3.24624  3.82879  5.74217  4.44649     43 n - - -
          2.68618  4.42225  2.77519  2.73123  3.46354  2.40513  3.72494  3.29354  2.67741  2.69355  4.24690  2.90347  2.73739  3.18146  2.89801  2.37887  2.77519  2.98518  4.58477  3.61503
          0.01471  4.62229  5.34463  0.61958  0.77255  0.48576  0.95510
     42   4.49536  5.53266  5.39819  5.26491  0.45824  5.06913  3.87167  4.02478  5.06382  3.20930  4.57682  4.68492  5.34917  4.82297  4.93320  4.48982  4.70840  4.00562  3.95788  1.87062     44 F - - -
          2.68618  4.42225  2.77519  2.73123  3.46354  2.40513  3.72494  3.29354  2.67741  2.69355  4.24690  2.90347  2.73739  3.18146  2.89801  2.37887  2.77519  2.98518  4.58477  3.61503
          0.01471  4.62229  5.34463  0.61958  0.77255  0.48576  0.95510
     43   2.73646  5.19452  2.87308  2.07998  4.51833  3.28414  3.19021  3.72431  1.96588  2.83796  4.24088  2.99452  3.59674  2.68935  2.63199  2.62336  2.67917  3.57370  5.63997  3.45985     45 k - - -
          2.68618  4.42225  2.77519  2.73123  3.46354  2.40513  3.72494  3.29354  2.67741  2.69355  4.24690  2.90347  2.73739  3.18146  2.89801  2.37887  2.77519  2.98518  4.58477  3.61503
          0.01471  4.62229  5.34463  0.61958  0.77255  0.48576  0.95510
     44   2.72077  4.74411  3.52768  3.05246  4.44577  3.48141  4.15085  3.85356  2.92093  3.48605  4.31435  3.42664  4.06635  3.34438  2.59257  1.78044  1.21632  3.44287  5.71977  4.45245     46 t - - -
          2.68618  4.42225  2.77519  2.73123  3.46354  2.40513  3.72494  3.29354  2.67741  2.69355  4.24690  2.90347  2.73739  3.18146  2.89801  2.37887  2.77519  2.98518  4.58477  3.61503
          0.01471  4.62229  5.34463  0.61958  0.77255  0.48576  0.95510
     45   2.58797  4.91106  2.89492  2.29199  4.14199  3.57396  3.77925  2.49560  2.29827  2.74026  3.31128  3.11176  3.96328  2.67471  2.48945  2.77842  2.74821  3.23879  4.35228  4.08979     47 e - - -
          2.68618  4.42225  2.77519  2.73123  3.46354  2.40513  3.72494  3.29354  2.67741  2.69355  4.24690  2.90347  2.73739  3.18146  2.89801  2.37887  2.77519  2.98518  4.58477  3.61503
          0.01471  4.62229  5.34463  0.61958  0.77255  0.48576  0.95510
     46   2.50750  5.24627  2.65872  1.52224  4.57608  3.27375  3.11831  4.05427  2.28326  3.54493  4.29274  2.98913  3.92316  2.82691  2.96671  2.48362  2.99625  3.62906  5.68658  3.62505     48 e - - -
          2.68618  4.42225  2.77519  2.73123  3.46354  2.40513  3.72494  3.29354  2.67741  2.69355  4.24690  2.90347  2.73739  3.18146  2.89801  2.37887  2.77519  2.98518  4.58477  3.61503
          0.01471  4.62229  5.34463  0.61958  0.77255  0.48576  0.95510
     47   2.53586  5.23790  2.44172  1.46171  4.55975  3.52193  3.73388  4.03325  2.41565  3.16422  4.28708  2.99572  3.93083  2.72094  2.98286  2.49571  3.00561  3.61647  5.68266  3.84428     49 e - - -
          2.68618  4.42225  2.77519  2.73123  3.46354  2.40513  3.72494  3.29354  2.67741  2.69355  4.24690  2.90347  2.73739  3.18146  2.89801  2.37887  2.77519  2.98518  4.58477  3.61503
          0.01471  4.62229  5.34463  0.61958  0.77255  0.48576  0.95510
     48   3.73431  0.18729  5.29241  5.23105  5.16493  4.14245  5.73465  4.53220  5.10864  4.36044  5.52075  5.06279  4.88850  5.42002  5.07856  4.00040  4.26050  4.19998  6.32394  5.42796     50 C - - -
          2.68618  4.42225  2.77519  2.73123  3.46354  2.40513  3.72494  3.29354  2.67741  2.69355  4.24690  2.90347  2.73739  3.18146  2.89801  2.37887  2.77519  2.98518  4.58477  3.61503
          0.01471  4.62229  5.34463  0.61958  0.77255  0.48576  0.95510
     49   2.56331  4.12159  2.88190  2.17332  4.41446  3.53184  3.72443  3.48931  2.38137  3.17485  3.21670  2.61762  3.92390  2.59799  2.01660  2.72579  2.96806  3.48268  5.58223  4.20393     51 r - - -
          2.68618  4.42225  2.77519  2.73123  3.46354  2.40513  3.72494  3.29354  2.67741  2.69355  4.24690  2.90347  2.73739  3.18146  2.89801  2.37887  2.77519  2.98518  4.58477  3.61503
          0.01471  4.62229  5.34463  0.61958  0.77255  0.48576  0.95510
     50   2.54550  4.02420  2.60331  2.36009  4.51432  3.52580  3.16714  3.98173  2.01907  3.21239  4.23945  3.00350  3.91844  2.81741  1.90622  2.63596  2.97502  3.57050  5.63673  4.24419     52 r - - -
          2.68618  4.42225  2.77519  2.73123  3.46354  2.40513  3.72494  3.29354  2.67741  2.69355  4.24690  2.90347  2.73739  3.18146  2.89801  2.37887  2.77519  2.98518  4.58477  3.61503
          0.01471  4.62229  5.34463  0.61958  0.77255  0.48576  0.95510
     51   2.22777  4.68501  3.33345  2.44642  3.86280  3.63516  3.85964  3.06869  2.50671  2.91537  3.43268  3.24953  4.02044  3.08232  2.99572  2.85605  1.90938  2.46101  5.23341  3.54677     53 t - - -
          2.68618  4.42225  2.77519  2.73123  3.46354  2.40513  3.72494  3.29354  2.67741  2.69355  4.24690  2.90347  2.73739  3.18146  2.89801  2.37887  2.77519  2.98518  4.58477  3.61503
          0.01471  4.62229  5.34463  0.61958  0.77255  0.48576  0.95510
     52   3.73431  0.18729  5.29241  5.23105  5.16493  4.14245  5.73465  4.53220  5.10864  4.36044  5.52075  5.06279  4.88850  5.42002  5.07856  4.00040  4.26050  4.19998  6.32394  5.42796     54 C - - -
          2.68618  4.42225  2.77519  2.73123  3.46354  2.40513  3.72494  3.29354  2.67741  2.69355  4.24690  2.90347  2.73739  3.18146  2.89801  2.37887  2.77519  2.98518  4.58477  3.61503
          0.05893  4.62229  3.04929  0.61958  0.77255  0.48576  0.95510
     53   2.17423  4.38446  3.69654  3.12641  3.51269  2.91344  3.25665  2.58793  3.07002  2.18772  3.49071  3.50361  3.32854  3.36028  2.94635  2.97690  2.77605  2.18947  4.11298  3.74991     55 a - - -
          2.68618  4.42225  2.77519  2.73123  3.46354  2.40513  3.72494  3.29354  2.67741  2.69355  4.24690  2.90347  2.73739  3.18146  2.89801  2.37887  2.77519  2.98518  4.58477  3.61503
          0.08656  4.57873  2.62214  0.61958  0.77255  0.56492  0.84027
     54   2.26218  4.96086  3.06741  2.36302  4.21672  2.26735  3.72096  3.64292  2.40944  3.22685  4.02751  3.03807  3.56119  2.68513  2.64988  2.72312  2.93551  2.74488  5.45127  3.52056     56 a - - -
          2.68619  4.42226  2.77521  2.73125  3.46355  2.40514  3.72496  3.29355  2.67742  2.69356  4.24691  2.90348  2.73741  3.18148  2.89802  2.37872  2.77521  2.98520  4.58478  3.61504
          0.28451  2.65312  1.73056  0.36205  1.19155  0.67437  0.71228
     55   2.38258  4.52891  3.30031  2.73672  3.69586  3.19952  3.78743  2.87734  2.29353  2.63021  3.62303  3.19902  3.94170  3.03335  2.71798  2.78486  2.64151  2.29425  5.08657  3.30676     58 k - - -
          2.68648  4.42182  2.77526  2.73142  3.46384  2.40493  3.72169  3.29384  2.67749  2.69385  4.24719  2.90376  2.73723  3.18156  2.89741  2.37888  2.77549  2.98548  4.58507  3.61500
          0.49485  0.94075        *  1.24763  0.33853  0.00000        *
//
